#
# There is insufficient memory for the Java Runtime Environment to continue.
# Native memory allocation (mmap) failed to map 132120576 bytes for Failed to commit area from 0x0000000082e00000 to 0x000000008ac00000 of length 132120576.
# Possible reasons:
#   The system is out of physical RAM or swap space
#   The process is running with CompressedOops enabled, and the Java Heap may be blocking the growth of the native heap
# Possible solutions:
#   Reduce memory load on the system
#   Increase physical memory or swap space
#   Check if swap backing store is full
#   Decrease Java heap size (-Xmx/-Xms)
#   Decrease number of Java threads
#   Decrease Java thread stack sizes (-Xss)
#   Set larger code cache with -XX:ReservedCodeCacheSize=
# This output file may be truncated or incomplete.
#
#  Out of Memory Error (./src/hotspot/os/windows/os_windows.cpp:3303), pid=1444, tid=13796
#
# JRE version:  (11.0.8+10) (build )
# Java VM: OpenJDK 64-Bit Server VM (11.0.8+10-b944.31, mixed mode, sharing, tiered, compressed oops, g1 gc, windows-amd64)
# No core dump will be written. Minidumps are not enabled by default on client versions of Windows
#

---------------  S U M M A R Y ------------

Command Line: org.jetbrains.git4idea.http.GitAskPassApp Username for 'https://atlassian.salle.url.edu:7943': 

Host: Intel(R) Core(TM) i5-7200U CPU @ 2.50GHz, 4 cores, 7G,  Windows 10 , 64 bit Build 19041 (10.0.19041.804)
Time: Sat Apr 17 19:37:24 2021 Hora de verano romance elapsed time: 0 seconds (0d 0h 0m 0s)

---------------  T H R E A D  ---------------

Current thread (0x000001f08a860000):  JavaThread "Unknown thread" [_thread_in_vm, id=13796, stack(0x0000007814a00000,0x0000007814b00000)]

Stack: [0x0000007814a00000,0x0000007814b00000]
Native frames: (J=compiled Java code, j=interpreted, Vv=VM code, C=native code)
V  [jvm.dll+0x5de35a]
V  [jvm.dll+0x712355]
V  [jvm.dll+0x7138ad]
V  [jvm.dll+0x713f63]
V  [jvm.dll+0x23e628]
V  [jvm.dll+0x5db804]
V  [jvm.dll+0x5d0925]
V  [jvm.dll+0x2faf9b]
V  [jvm.dll+0x2faf0a]
V  [jvm.dll+0x2fade2]
V  [jvm.dll+0x2ffcb6]
V  [jvm.dll+0x3483a3]
V  [jvm.dll+0x348aa6]
V  [jvm.dll+0x3484a3]
V  [jvm.dll+0x2d5be8]
V  [jvm.dll+0x2d6d87]
V  [jvm.dll+0x6f10e7]
V  [jvm.dll+0x6f28dc]
V  [jvm.dll+0x3558f9]
V  [jvm.dll+0x6d492e]
V  [jvm.dll+0x3bdad3]
V  [jvm.dll+0x3bfd01]
C  [jli.dll+0x5373]
C  [ucrtbase.dll+0x21bb2]
C  [KERNEL32.DLL+0x17034]
C  [ntdll.dll+0x52651]


---------------  P R O C E S S  ---------------

Threads class SMR info:
_java_thread_list=0x000001f08a672530, length=0, elements={
}

Java Threads: ( => current thread )

Other Threads:
  0x000001f08a877000 GCTaskThread "GC Thread#0" [stack: 0x0000007814b00000,0x0000007814c00000] [id=18020]
  0x000001f08a8a7800 ConcurrentGCThread "G1 Main Marker" [stack: 0x0000007814c00000,0x0000007814d00000] [id=22972]
  0x000001f08a8aa000 ConcurrentGCThread "G1 Conc#0" [stack: 0x0000007814d00000,0x0000007814e00000] [id=19796]

[error occurred during error reporting (printing all threads), id 0xc0000005, EXCEPTION_ACCESS_VIOLATION (0xc0000005) at pc=0x00007ff8436b60c7]

VM state:not at safepoint (not fully initialized)

VM Mutex/Monitor currently owned by a thread:  ([mutex/lock_event])
[0x000001f08a85be80] Heap_lock - owner thread: 0x000001f08a860000

Heap address: 0x0000000082e00000, size: 2002 MB, Compressed Oops mode: Non-zero based: 0x0000000082e00000
Narrow klass base: 0x0000000000000000, Narrow klass shift: 0

GC Heap History (0 events):
No events

Deoptimization events (0 events):
No events

Classes redefined (0 events):
No events

Internal exceptions (0 events):
No events

Events (1 events):
Event: 0.011 Loaded shared library C:\Program Files\JetBrains\IntelliJ IDEA Community Edition 2020.2.2\jbr\bin\zip.dll


Dynamic libraries:
0x00007ff76efb0000 - 0x00007ff76efba000 	C:\Program Files\JetBrains\IntelliJ IDEA Community Edition 2020.2.2\jbr\bin\java.exe
0x00007ff885b90000 - 0x00007ff885d85000 	C:\WINDOWS\SYSTEM32\ntdll.dll
0x00007ff885210000 - 0x00007ff8852cd000 	C:\WINDOWS\System32\KERNEL32.DLL
0x00007ff883710000 - 0x00007ff8839d9000 	C:\WINDOWS\System32\KERNELBASE.dll
0x00007ff883560000 - 0x00007ff883660000 	C:\WINDOWS\System32\ucrtbase.dll
0x00007ff867e70000 - 0x00007ff867e87000 	C:\Program Files\JetBrains\IntelliJ IDEA Community Edition 2020.2.2\jbr\bin\VCRUNTIME140.dll
0x00007ff867b90000 - 0x00007ff867ba9000 	C:\Program Files\JetBrains\IntelliJ IDEA Community Edition 2020.2.2\jbr\bin\jli.dll
0x00007ff8847a0000 - 0x00007ff884940000 	C:\WINDOWS\System32\USER32.dll
0x00007ff8693a0000 - 0x00007ff86963a000 	C:\WINDOWS\WinSxS\amd64_microsoft.windows.common-controls_6595b64144ccf1df_6.0.19041.844_none_ca00b6081b84eb1d\COMCTL32.dll
0x00007ff8833e0000 - 0x00007ff883402000 	C:\WINDOWS\System32\win32u.dll
0x00007ff8846f0000 - 0x00007ff88471a000 	C:\WINDOWS\System32\GDI32.dll
0x00007ff8850f0000 - 0x00007ff88518e000 	C:\WINDOWS\System32\msvcrt.dll
0x00007ff8832d0000 - 0x00007ff8833db000 	C:\WINDOWS\System32\gdi32full.dll
0x00007ff883410000 - 0x00007ff8834ad000 	C:\WINDOWS\System32\msvcp_win.dll
0x00007ff883f80000 - 0x00007ff883fb0000 	C:\WINDOWS\System32\IMM32.DLL
0x00007ff861140000 - 0x00007ff8611dd000 	C:\Program Files\JetBrains\IntelliJ IDEA Community Edition 2020.2.2\jbr\bin\msvcp140.dll
0x00007ff8433d0000 - 0x00007ff843e8d000 	C:\Program Files\JetBrains\IntelliJ IDEA Community Edition 2020.2.2\jbr\bin\server\jvm.dll
0x00007ff885a90000 - 0x00007ff885b3c000 	C:\WINDOWS\System32\ADVAPI32.dll
0x00007ff884160000 - 0x00007ff8841fc000 	C:\WINDOWS\System32\sechost.dll
0x00007ff883bf0000 - 0x00007ff883d1b000 	C:\WINDOWS\System32\RPCRT4.dll
0x00007ff885b40000 - 0x00007ff885b48000 	C:\WINDOWS\System32\PSAPI.DLL
0x00007ff869d50000 - 0x00007ff869d59000 	C:\WINDOWS\SYSTEM32\WSOCK32.dll
0x00007ff86f010000 - 0x00007ff86f037000 	C:\WINDOWS\SYSTEM32\WINMM.dll
0x00007ff86c390000 - 0x00007ff86c39a000 	C:\WINDOWS\SYSTEM32\VERSION.dll
0x00007ff884730000 - 0x00007ff88479b000 	C:\WINDOWS\System32\WS2_32.dll
0x00007ff881bb0000 - 0x00007ff881bc2000 	C:\WINDOWS\SYSTEM32\kernel.appcore.dll
0x00007ff8735f0000 - 0x00007ff873601000 	C:\Program Files\JetBrains\IntelliJ IDEA Community Edition 2020.2.2\jbr\bin\verify.dll
0x00007ff8810b0000 - 0x00007ff881294000 	C:\WINDOWS\SYSTEM32\DBGHELP.DLL
0x00007ff8750b0000 - 0x00007ff8750dc000 	C:\WINDOWS\SYSTEM32\dbgcore.DLL
0x00007ff883690000 - 0x00007ff883710000 	C:\WINDOWS\System32\bcryptPrimitives.dll
0x00007ff873490000 - 0x00007ff8734b9000 	C:\Program Files\JetBrains\IntelliJ IDEA Community Edition 2020.2.2\jbr\bin\java.dll
0x00007ff87d9a0000 - 0x00007ff87d9ab000 	C:\Program Files\JetBrains\IntelliJ IDEA Community Edition 2020.2.2\jbr\bin\jimage.dll
0x00007ff873430000 - 0x00007ff873448000 	C:\Program Files\JetBrains\IntelliJ IDEA Community Edition 2020.2.2\jbr\bin\zip.dll

dbghelp: loaded successfully - version: 4.0.5 - missing functions: none
symbol engine: initialized successfully - sym options: 0x614 - pdb path: .;C:\Program Files\JetBrains\IntelliJ IDEA Community Edition 2020.2.2\jbr\bin;C:\WINDOWS\SYSTEM32;C:\WINDOWS\WinSxS\amd64_microsoft.windows.common-controls_6595b64144ccf1df_6.0.19041.844_none_ca00b6081b84eb1d;C:\Program Files\JetBrains\IntelliJ IDEA Community Edition 2020.2.2\jbr\bin\server

VM Arguments:
java_command: org.jetbrains.git4idea.http.GitAskPassApp Username for 'https://atlassian.salle.url.edu:7943': 
java_class_path (initial): C:/Program Files/JetBrains/IntelliJ IDEA Community Edition 2020.2.2/plugins/git4idea/lib/git4idea-rt.jar;C:/Program Files/JetBrains/IntelliJ IDEA Community Edition 2020.2.2/lib/xmlrpc-2.0.1.jar;C:/Program Files/JetBrains/IntelliJ IDEA Community Edition 2020.2.2/lib/commons-codec-1.14.jar
Launcher Type: SUN_STANDARD

[Global flags]
     intx CICompilerCount                          = 3                                         {product} {ergonomic}
     uint ConcGCThreads                            = 1                                         {product} {ergonomic}
     uint G1ConcRefinementThreads                  = 4                                         {product} {ergonomic}
   size_t G1HeapRegionSize                         = 1048576                                   {product} {ergonomic}
    uintx GCDrainStackTargetSize                   = 64                                        {product} {ergonomic}
   size_t InitialHeapSize                          = 132120576                                 {product} {ergonomic}
   size_t MarkStackSize                            = 4194304                                   {product} {ergonomic}
   size_t MaxHeapSize                              = 2099249152                                {product} {ergonomic}
   size_t MinHeapDeltaBytes                        = 1048576                                   {product} {ergonomic}
    uintx NonNMethodCodeHeapSize                   = 5830732                                {pd product} {ergonomic}
    uintx NonProfiledCodeHeapSize                  = 122913754                              {pd product} {ergonomic}
    uintx ProfiledCodeHeapSize                     = 122913754                              {pd product} {ergonomic}
    uintx ReservedCodeCacheSize                    = 251658240                              {pd product} {ergonomic}
     bool SegmentedCodeCache                       = true                                      {product} {ergonomic}
     bool UseCompressedClassPointers               = true                                 {lp64_product} {ergonomic}
     bool UseCompressedOops                        = true                                 {lp64_product} {ergonomic}
     bool UseG1GC                                  = true                                      {product} {ergonomic}
     bool UseLargePagesIndividualAllocation        = false                                  {pd product} {ergonomic}

Logging:
Log output configuration:
 #0: stdout all=warning uptime,level,tags
 #1: stderr all=off uptime,level,tags

Environment Variables:
PATH=C:/Program Files/Git/mingw64/libexec/git-core;C:/Program Files/Git/mingw64/libexec/git-core;C:\Program Files\Git\mingw64\bin;C:\Program Files\Git\usr\bin;C:\Users\ablay\bin;C:\Program Files (x86)\Common Files\Oracle\Java\javapath;C:\WINDOWS\system32;C:\WINDOWS;C:\WINDOWS\System32\Wbem;C:\WINDOWS\System32\WindowsPowerShell\v1.0\;C:\WINDOWS\System32\OpenSSH\;C:\Program Files\Intel\WiFi\bin\;C:\Program Files\Common Files\Intel\WirelessCommon\;C:\Program Files\PuTTY\;C:\Program Files\MATLAB\R2019b\bin;C:\Program Files (x86)\Nordic Semiconductor\nrf5x\bin\;C:\Program Files\Git\cmd;C:\Program Files\Microchip\xc8\v2.32\bin;C:\Program Files\MySQL\MySQL Shell 8.0\bin\;C:\Wincupl\WINCUPL\EXE;C:\Wincupl\WINCUPL\FITTERS
USERNAME=ablay
DISPLAY=:0.0
LC_ALL=en_US.UTF-8
OS=Windows_NT
PROCESSOR_IDENTIFIER=Intel64 Family 6 Model 142 Stepping 9, GenuineIntel



---------------  S Y S T E M  ---------------

OS: Windows 10 , 64 bit Build 19041 (10.0.19041.804)
OS uptime: 3 days 0:48 hours

CPU:total 4 (initial active 4) (2 cores per cpu, 2 threads per core) family 6 model 142 stepping 9, cmov, cx8, fxsr, mmx, sse, sse2, sse3, ssse3, sse4.1, sse4.2, popcnt, avx, avx2, aes, clmul, erms, 3dnowpref, lzcnt, ht, tsc, tscinvbit, bmi1, bmi2, adx, fma

Memory: 4k page, system-wide physical 8001M (399M free)
TotalPageFile size 16001M (AvailPageFile size 12M)
current process WorkingSet (physical memory assigned to process): 9M, peak: 9M
current process commit charge ("private bytes"): 51M, peak: 177M

vm_info: OpenJDK 64-Bit Server VM (11.0.8+10-b944.31) for windows-amd64 JRE (11.0.8+10-b944.31), built on Aug  6 2020 12:27:04 by "" with MS VC++ 14.0 (VS2015)

END.
